java Cipher mystery2
java Cipher mystery3
javac Cipher.java
java Cipher
see
doskey /history > commands.log
java Cipher
javac Cipher.java
java Cipher
javac Cipher.java
java Cipher
javac Cipher.java
java Cipher
javac Cipher.java
java Cipher
javac Cipher.java
java Cipher
javac Cipher.java
java Cipher
javac Cipher.java
java Cipher
javac Cipher.java
java Cipher
javac Cipher.java
java Cipher
javac Cipher.java
java Cipher
javac Cipher.java
java Cipher
javac Cipher.java
java Cipher
javac Cipher.java
java Cipher
javac Cipher.java
java Cipher
javac Cipher.java
java Cipher
javac Cipher.java
java Cipher
javac Cipher.java
java Cipher
javac Cipher.java
java Cipher
javac Cipher.java
java Cipher
javac Cipher.java
java Cipher
javac Cipher.java
java Cipher
java Cipher mystery1
